This file contains any messages produced by compilers while
running configure, to aid debugging if configure makes a mistake.

It was created by loco-genom configure 1.0, which was
generated by GNU Autoconf 2.69.  Invocation command line was

  $ configure --disable-option-checking --prefix=/home/neoangel/work --cache-file=/dev/null --srcdir=. PKG_CONFIG_PATH=/home/neoangel/work/Projet_2A/Loco/build/./pocolibs/client/c:/home/neoangel/work/Projet_2A/Loco/build/./pocolibs/server:/home/neoangel/work/Projet_2A/Loco/build:/home/neoangel/work/lib/pkgconfig:/home/neoangel/openrobots/lib/pkgconfig

## --------- ##
## Platform. ##
## --------- ##

hostname = neoangel-VirtualBox
uname -m = x86_64
uname -r = 4.8.0-58-generic
uname -s = Linux
uname -v = #63~16.04.1-Ubuntu SMP Mon Jun 26 18:08:51 UTC 2017

/usr/bin/uname -p = unknown
/bin/uname -X     = unknown

/bin/arch              = unknown
/usr/bin/arch -k       = unknown
/usr/convex/getsysinfo = unknown
/usr/bin/hostinfo      = unknown
/bin/machine           = unknown
/usr/bin/oslevel       = unknown
/bin/universe          = unknown

PATH: /home/neoangel/work/bin
PATH: /home/neoangel/work/sbin
PATH: /home/neoangel/openrobots/bin
PATH: /home/neoangel/openrobots/sbin
PATH: /home/neoangel/bin
PATH: /home/neoangel/.local/bin
PATH: /usr/local/sbin
PATH: /usr/local/bin
PATH: /usr/sbin
PATH: /usr/bin
PATH: /sbin
PATH: /bin
PATH: /usr/games
PATH: /usr/local/games
PATH: /snap/bin


## ----------- ##
## Core tests. ##
## ----------- ##

configure:2222: checking for a BSD-compatible install
configure:2290: result: /usr/bin/install -c
configure:2301: checking whether build environment is sane
configure:2356: result: yes
configure:2507: checking for a thread-safe mkdir -p
configure:2546: result: /bin/mkdir -p
configure:2553: checking for gawk
configure:2583: result: no
configure:2553: checking for mawk
configure:2569: found /usr/bin/mawk
configure:2580: result: mawk
configure:2591: checking whether make sets $(MAKE)
configure:2613: result: yes
configure:2642: checking whether make supports nested variables
configure:2659: result: yes
configure:2807: checking build system type
configure:2821: result: x86_64-pc-linux-gnu
configure:2841: checking host system type
configure:2854: result: x86_64-pc-linux-gnu
configure:2895: checking how to print strings
configure:2922: result: printf
configure:2955: checking for style of include used by make
configure:2983: result: GNU
configure:3054: checking for gcc
configure:3070: found /usr/bin/gcc
configure:3081: result: gcc
configure:3310: checking for C compiler version
configure:3319: gcc --version >&5
gcc (Ubuntu 5.4.0-6ubuntu1~16.04.4) 5.4.0 20160609
Copyright (C) 2015 Free Software Foundation, Inc.
This is free software; see the source for copying conditions.  There is NO
warranty; not even for MERCHANTABILITY or FITNESS FOR A PARTICULAR PURPOSE.

configure:3330: $? = 0
configure:3319: gcc -v >&5
Using built-in specs.
COLLECT_GCC=gcc
COLLECT_LTO_WRAPPER=/usr/lib/gcc/x86_64-linux-gnu/5/lto-wrapper
Target: x86_64-linux-gnu
Configured with: ../src/configure -v --with-pkgversion='Ubuntu 5.4.0-6ubuntu1~16.04.4' --with-bugurl=file:///usr/share/doc/gcc-5/README.Bugs --enable-languages=c,ada,c++,java,go,d,fortran,objc,obj-c++ --prefix=/usr --program-suffix=-5 --enable-shared --enable-linker-build-id --libexecdir=/usr/lib --without-included-gettext --enable-threads=posix --libdir=/usr/lib --enable-nls --with-sysroot=/ --enable-clocale=gnu --enable-libstdcxx-debug --enable-libstdcxx-time=yes --with-default-libstdcxx-abi=new --enable-gnu-unique-object --disable-vtable-verify --enable-libmpx --enable-plugin --with-system-zlib --disable-browser-plugin --enable-java-awt=gtk --enable-gtk-cairo --with-java-home=/usr/lib/jvm/java-1.5.0-gcj-5-amd64/jre --enable-java-home --with-jvm-root-dir=/usr/lib/jvm/java-1.5.0-gcj-5-amd64 --with-jvm-jar-dir=/usr/lib/jvm-exports/java-1.5.0-gcj-5-amd64 --with-arch-directory=amd64 --with-ecj-jar=/usr/share/java/eclipse-ecj.jar --enable-objc-gc --enable-multiarch --disable-werror --with-arch-32=i686 --with-abi=m64 --with-multilib-list=m32,m64,mx32 --enable-multilib --with-tune=generic --enable-checking=release --build=x86_64-linux-gnu --host=x86_64-linux-gnu --target=x86_64-linux-gnu
Thread model: posix
gcc version 5.4.0 20160609 (Ubuntu 5.4.0-6ubuntu1~16.04.4) 
configure:3330: $? = 0
configure:3319: gcc -V >&5
gcc: error: unrecognized command line option '-V'
gcc: fatal error: no input files
compilation terminated.
configure:3330: $? = 1
configure:3319: gcc -qversion >&5
gcc: error: unrecognized command line option '-qversion'
gcc: fatal error: no input files
compilation terminated.
configure:3330: $? = 1
configure:3350: checking whether the C compiler works
configure:3372: gcc    conftest.c  >&5
configure:3376: $? = 0
configure:3424: result: yes
configure:3427: checking for C compiler default output file name
configure:3429: result: a.out
configure:3435: checking for suffix of executables
configure:3442: gcc -o conftest    conftest.c  >&5
configure:3446: $? = 0
configure:3468: result: 
configure:3490: checking whether we are cross compiling
configure:3498: gcc -o conftest    conftest.c  >&5
configure:3502: $? = 0
configure:3509: ./conftest
configure:3513: $? = 0
configure:3528: result: no
configure:3533: checking for suffix of object files
configure:3555: gcc -c   conftest.c >&5
configure:3559: $? = 0
configure:3580: result: o
configure:3584: checking whether we are using the GNU C compiler
configure:3603: gcc -c   conftest.c >&5
configure:3603: $? = 0
configure:3612: result: yes
configure:3621: checking whether gcc accepts -g
configure:3641: gcc -c -g  conftest.c >&5
configure:3641: $? = 0
configure:3682: result: yes
configure:3699: checking for gcc option to accept ISO C89
configure:3762: gcc  -c -g -O2  conftest.c >&5
configure:3762: $? = 0
configure:3775: result: none needed
configure:3800: checking whether gcc understands -c and -o together
configure:3822: gcc -c conftest.c -o conftest2.o
configure:3825: $? = 0
configure:3822: gcc -c conftest.c -o conftest2.o
configure:3825: $? = 0
configure:3837: result: yes
configure:3856: checking dependency style of gcc
configure:3967: result: gcc3
configure:3982: checking for a sed that does not truncate output
configure:4046: result: /bin/sed
configure:4064: checking for grep that handles long lines and -e
configure:4122: result: /bin/grep
configure:4127: checking for egrep
configure:4189: result: /bin/grep -E
configure:4194: checking for fgrep
configure:4256: result: /bin/grep -F
configure:4291: checking for ld used by gcc
configure:4358: result: /usr/bin/ld
configure:4365: checking if the linker (/usr/bin/ld) is GNU ld
configure:4380: result: yes
configure:4392: checking for BSD- or MS-compatible name lister (nm)
configure:4446: result: /usr/bin/nm -B
configure:4576: checking the name lister (/usr/bin/nm -B) interface
configure:4583: gcc -c -g -O2  conftest.c >&5
configure:4586: /usr/bin/nm -B "conftest.o"
configure:4589: output
0000000000000000 B some_variable
configure:4596: result: BSD nm
configure:4599: checking whether ln -s works
configure:4603: result: yes
configure:4611: checking the maximum length of command line arguments
configure:4742: result: 1572864
configure:4790: checking how to convert x86_64-pc-linux-gnu file names to x86_64-pc-linux-gnu format
configure:4830: result: func_convert_file_noop
configure:4837: checking how to convert x86_64-pc-linux-gnu file names to toolchain format
configure:4857: result: func_convert_file_noop
configure:4864: checking for /usr/bin/ld option to reload object files
configure:4871: result: -r
configure:4945: checking for objdump
configure:4961: found /usr/bin/objdump
configure:4972: result: objdump
configure:5004: checking how to recognize dependent libraries
configure:5204: result: pass_all
configure:5289: checking for dlltool
configure:5319: result: no
configure:5349: checking how to associate runtime and link libraries
configure:5376: result: printf %s\n
configure:5437: checking for ar
configure:5453: found /usr/bin/ar
configure:5464: result: ar
configure:5501: checking for archiver @FILE support
configure:5518: gcc -c -g -O2  conftest.c >&5
configure:5518: $? = 0
configure:5521: ar cru libconftest.a @conftest.lst >&5
ar: `u' modifier ignored since `D' is the default (see `U')
configure:5524: $? = 0
configure:5529: ar cru libconftest.a @conftest.lst >&5
ar: `u' modifier ignored since `D' is the default (see `U')
ar: conftest.o: No such file or directory
configure:5532: $? = 1
configure:5544: result: @
configure:5602: checking for strip
configure:5618: found /usr/bin/strip
configure:5629: result: strip
configure:5701: checking for ranlib
configure:5717: found /usr/bin/ranlib
configure:5728: result: ranlib
configure:5830: checking command to parse /usr/bin/nm -B output from gcc object
configure:5983: gcc -c -g -O2  conftest.c >&5
configure:5986: $? = 0
configure:5990: /usr/bin/nm -B conftest.o \| sed -n -e 's/^.*[ ]\([ABCDGIRSTW][ABCDGIRSTW]*\)[ ][ ]*\([_A-Za-z][_A-Za-z0-9]*\)$/\1 \2 \2/p' | sed '/ __gnu_lto/d' \> conftest.nm
configure:5993: $? = 0
configure:6059: gcc -o conftest -g -O2   conftest.c conftstm.o >&5
configure:6062: $? = 0
configure:6100: result: ok
configure:6147: checking for sysroot
configure:6177: result: no
configure:6184: checking for a working dd
configure:6222: result: /bin/dd
configure:6226: checking how to truncate binary pipes
configure:6241: result: /bin/dd bs=4096 count=1
configure:6377: gcc -c -g -O2  conftest.c >&5
configure:6380: $? = 0
configure:6570: checking for mt
configure:6586: found /bin/mt
configure:6597: result: mt
configure:6620: checking if mt is a manifest tool
configure:6626: mt '-?'
configure:6634: result: no
configure:7311: checking how to run the C preprocessor
configure:7342: gcc -E  conftest.c
configure:7342: $? = 0
configure:7356: gcc -E  conftest.c
conftest.c:9:28: fatal error: ac_nonexistent.h: No such file or directory
compilation terminated.
configure:7356: $? = 1
configure: failed program was:
| /* confdefs.h */
| #define PACKAGE_NAME "loco-genom"
| #define PACKAGE_TARNAME "loco-genom"
| #define PACKAGE_VERSION "1.0"
| #define PACKAGE_STRING "loco-genom 1.0"
| #define PACKAGE_BUGREPORT "felix@laas.fr"
| #define PACKAGE_URL ""
| /* end confdefs.h.  */
| #include <ac_nonexistent.h>
configure:7381: result: gcc -E
configure:7401: gcc -E  conftest.c
configure:7401: $? = 0
configure:7415: gcc -E  conftest.c
conftest.c:9:28: fatal error: ac_nonexistent.h: No such file or directory
compilation terminated.
configure:7415: $? = 1
configure: failed program was:
| /* confdefs.h */
| #define PACKAGE_NAME "loco-genom"
| #define PACKAGE_TARNAME "loco-genom"
| #define PACKAGE_VERSION "1.0"
| #define PACKAGE_STRING "loco-genom 1.0"
| #define PACKAGE_BUGREPORT "felix@laas.fr"
| #define PACKAGE_URL ""
| /* end confdefs.h.  */
| #include <ac_nonexistent.h>
configure:7444: checking for ANSI C header files
configure:7464: gcc -c -g -O2  conftest.c >&5
configure:7464: $? = 0
configure:7537: gcc -o conftest -g -O2   conftest.c  >&5
configure:7537: $? = 0
configure:7537: ./conftest
configure:7537: $? = 0
configure:7548: result: yes
configure:7561: checking for sys/types.h
configure:7561: gcc -c -g -O2  conftest.c >&5
configure:7561: $? = 0
configure:7561: result: yes
configure:7561: checking for sys/stat.h
configure:7561: gcc -c -g -O2  conftest.c >&5
configure:7561: $? = 0
configure:7561: result: yes
configure:7561: checking for stdlib.h
configure:7561: gcc -c -g -O2  conftest.c >&5
configure:7561: $? = 0
configure:7561: result: yes
configure:7561: checking for string.h
configure:7561: gcc -c -g -O2  conftest.c >&5
configure:7561: $? = 0
configure:7561: result: yes
configure:7561: checking for memory.h
configure:7561: gcc -c -g -O2  conftest.c >&5
configure:7561: $? = 0
configure:7561: result: yes
configure:7561: checking for strings.h
configure:7561: gcc -c -g -O2  conftest.c >&5
configure:7561: $? = 0
configure:7561: result: yes
configure:7561: checking for inttypes.h
configure:7561: gcc -c -g -O2  conftest.c >&5
configure:7561: $? = 0
configure:7561: result: yes
configure:7561: checking for stdint.h
configure:7561: gcc -c -g -O2  conftest.c >&5
configure:7561: $? = 0
configure:7561: result: yes
configure:7561: checking for unistd.h
configure:7561: gcc -c -g -O2  conftest.c >&5
configure:7561: $? = 0
configure:7561: result: yes
configure:7575: checking for dlfcn.h
configure:7575: gcc -c -g -O2  conftest.c >&5
configure:7575: $? = 0
configure:7575: result: yes
configure:7830: checking for objdir
configure:7845: result: .libs
configure:8109: checking if gcc supports -fno-rtti -fno-exceptions
configure:8127: gcc -c -g -O2  -fno-rtti -fno-exceptions conftest.c >&5
cc1: warning: command line option '-fno-rtti' is valid for C++/ObjC++ but not for C
configure:8131: $? = 0
configure:8144: result: no
configure:8502: checking for gcc option to produce PIC
configure:8509: result: -fPIC -DPIC
configure:8517: checking if gcc PIC flag -fPIC -DPIC works
configure:8535: gcc -c -g -O2  -fPIC -DPIC -DPIC conftest.c >&5
configure:8539: $? = 0
configure:8552: result: yes
configure:8581: checking if gcc static flag -static works
configure:8609: result: yes
configure:8624: checking if gcc supports -c -o file.o
configure:8645: gcc -c -g -O2  -o out/conftest2.o conftest.c >&5
configure:8649: $? = 0
configure:8671: result: yes
configure:8679: checking if gcc supports -c -o file.o
configure:8726: result: yes
configure:8759: checking whether the gcc linker (/usr/bin/ld -m elf_x86_64) supports shared libraries
configure:10022: result: yes
configure:10059: checking whether -lc should be explicitly linked in
configure:10067: gcc -c -g -O2  conftest.c >&5
configure:10070: $? = 0
configure:10085: gcc -shared  -fPIC -DPIC conftest.o  -v -Wl,-soname -Wl,conftest -o conftest 2\>\&1 \| /bin/grep  -lc  \>/dev/null 2\>\&1
configure:10088: $? = 0
configure:10102: result: no
configure:10262: checking dynamic linker characteristics
configure:10843: gcc -o conftest -g -O2   -Wl,-rpath -Wl,/foo conftest.c  >&5
configure:10843: $? = 0
configure:11092: result: GNU/Linux ld.so
configure:11214: checking how to hardcode library paths into programs
configure:11239: result: immediate
configure:11787: checking whether stripping libraries is possible
configure:11792: result: yes
configure:11827: checking if libtool supports shared libraries
configure:11829: result: yes
configure:11832: checking whether to build shared libraries
configure:11857: result: yes
configure:11860: checking whether to build static libraries
configure:11864: result: no
configure:11949: checking for gcc
configure:11976: result: gcc
configure:12205: checking for C compiler version
configure:12214: gcc --version >&5
gcc (Ubuntu 5.4.0-6ubuntu1~16.04.4) 5.4.0 20160609
Copyright (C) 2015 Free Software Foundation, Inc.
This is free software; see the source for copying conditions.  There is NO
warranty; not even for MERCHANTABILITY or FITNESS FOR A PARTICULAR PURPOSE.

configure:12225: $? = 0
configure:12214: gcc -v >&5
Using built-in specs.
COLLECT_GCC=gcc
COLLECT_LTO_WRAPPER=/usr/lib/gcc/x86_64-linux-gnu/5/lto-wrapper
Target: x86_64-linux-gnu
Configured with: ../src/configure -v --with-pkgversion='Ubuntu 5.4.0-6ubuntu1~16.04.4' --with-bugurl=file:///usr/share/doc/gcc-5/README.Bugs --enable-languages=c,ada,c++,java,go,d,fortran,objc,obj-c++ --prefix=/usr --program-suffix=-5 --enable-shared --enable-linker-build-id --libexecdir=/usr/lib --without-included-gettext --enable-threads=posix --libdir=/usr/lib --enable-nls --with-sysroot=/ --enable-clocale=gnu --enable-libstdcxx-debug --enable-libstdcxx-time=yes --with-default-libstdcxx-abi=new --enable-gnu-unique-object --disable-vtable-verify --enable-libmpx --enable-plugin --with-system-zlib --disable-browser-plugin --enable-java-awt=gtk --enable-gtk-cairo --with-java-home=/usr/lib/jvm/java-1.5.0-gcj-5-amd64/jre --enable-java-home --with-jvm-root-dir=/usr/lib/jvm/java-1.5.0-gcj-5-amd64 --with-jvm-jar-dir=/usr/lib/jvm-exports/java-1.5.0-gcj-5-amd64 --with-arch-directory=amd64 --with-ecj-jar=/usr/share/java/eclipse-ecj.jar --enable-objc-gc --enable-multiarch --disable-werror --with-arch-32=i686 --with-abi=m64 --with-multilib-list=m32,m64,mx32 --enable-multilib --with-tune=generic --enable-checking=release --build=x86_64-linux-gnu --host=x86_64-linux-gnu --target=x86_64-linux-gnu
Thread model: posix
gcc version 5.4.0 20160609 (Ubuntu 5.4.0-6ubuntu1~16.04.4) 
configure:12225: $? = 0
configure:12214: gcc -V >&5
gcc: error: unrecognized command line option '-V'
gcc: fatal error: no input files
compilation terminated.
configure:12225: $? = 1
configure:12214: gcc -qversion >&5
gcc: error: unrecognized command line option '-qversion'
gcc: fatal error: no input files
compilation terminated.
configure:12225: $? = 1
configure:12229: checking whether we are using the GNU C compiler
configure:12257: result: yes
configure:12266: checking whether gcc accepts -g
configure:12327: result: yes
configure:12344: checking for gcc option to accept ISO C89
configure:12420: result: none needed
configure:12445: checking whether gcc understands -c and -o together
configure:12482: result: yes
configure:12501: checking dependency style of gcc
configure:12612: result: gcc3
configure:12792: checking for the pthreads library -lpthreads
configure:12830: gcc -o conftest -g -O2    conftest.c -lpthreads  >&5
/usr/bin/ld: cannot find -lpthreads
collect2: error: ld returned 1 exit status
configure:12830: $? = 1
configure: failed program was:
| /* confdefs.h */
| #define PACKAGE_NAME "loco-genom"
| #define PACKAGE_TARNAME "loco-genom"
| #define PACKAGE_VERSION "1.0"
| #define PACKAGE_STRING "loco-genom 1.0"
| #define PACKAGE_BUGREPORT "felix@laas.fr"
| #define PACKAGE_URL ""
| #define STDC_HEADERS 1
| #define HAVE_SYS_TYPES_H 1
| #define HAVE_SYS_STAT_H 1
| #define HAVE_STDLIB_H 1
| #define HAVE_STRING_H 1
| #define HAVE_MEMORY_H 1
| #define HAVE_STRINGS_H 1
| #define HAVE_INTTYPES_H 1
| #define HAVE_STDINT_H 1
| #define HAVE_UNISTD_H 1
| #define HAVE_DLFCN_H 1
| #define LT_OBJDIR ".libs/"
| /* end confdefs.h.  */
| #include <pthread.h>
| 	             static void routine(void* a) { (void)a; }
| 	             static void* start_routine(void* a) {return a;}
| int
| main ()
| {
| pthread_t th = pthread_self(); pthread_attr_t attr;
|                      pthread_join(th, 0);
|                      pthread_attr_init(&attr);
|                      pthread_cleanup_push(routine, 0);
|                      pthread_create(&th,0,start_routine,0);
|                      pthread_cleanup_pop(0);
|   ;
|   return 0;
| }
configure:12839: result: no
configure:12737: checking whether pthreads work without any flags
configure:12830: gcc -o conftest -g -O2    conftest.c   >&5
/tmp/ccdJYzPw.o: In function `main':
/home/neoangel/work/Projet_2A/Loco/build/pocolibs/client/c/conftest.c:28: undefined reference to `pthread_join'
/home/neoangel/work/Projet_2A/Loco/build/pocolibs/client/c/conftest.c:30: undefined reference to `__pthread_register_cancel'
/home/neoangel/work/Projet_2A/Loco/build/pocolibs/client/c/conftest.c:31: undefined reference to `pthread_create'
/home/neoangel/work/Projet_2A/Loco/build/pocolibs/client/c/conftest.c:32: undefined reference to `__pthread_unregister_cancel'
collect2: error: ld returned 1 exit status
configure:12830: $? = 1
configure: failed program was:
| /* confdefs.h */
| #define PACKAGE_NAME "loco-genom"
| #define PACKAGE_TARNAME "loco-genom"
| #define PACKAGE_VERSION "1.0"
| #define PACKAGE_STRING "loco-genom 1.0"
| #define PACKAGE_BUGREPORT "felix@laas.fr"
| #define PACKAGE_URL ""
| #define STDC_HEADERS 1
| #define HAVE_SYS_TYPES_H 1
| #define HAVE_SYS_STAT_H 1
| #define HAVE_STDLIB_H 1
| #define HAVE_STRING_H 1
| #define HAVE_MEMORY_H 1
| #define HAVE_STRINGS_H 1
| #define HAVE_INTTYPES_H 1
| #define HAVE_STDINT_H 1
| #define HAVE_UNISTD_H 1
| #define HAVE_DLFCN_H 1
| #define LT_OBJDIR ".libs/"
| /* end confdefs.h.  */
| #include <pthread.h>
| 	             static void routine(void* a) { (void)a; }
| 	             static void* start_routine(void* a) {return a;}
| int
| main ()
| {
| pthread_t th = pthread_self(); pthread_attr_t attr;
|                      pthread_join(th, 0);
|                      pthread_attr_init(&attr);
|                      pthread_cleanup_push(routine, 0);
|                      pthread_create(&th,0,start_routine,0);
|                      pthread_cleanup_pop(0);
|   ;
|   return 0;
| }
configure:12839: result: no
configure:12742: checking whether pthreads work with -Kthread
configure:12830: gcc -o conftest -g -O2 -Kthread   conftest.c   >&5
gcc: error: unrecognized command line option '-Kthread'
configure:12830: $? = 1
configure: failed program was:
| /* confdefs.h */
| #define PACKAGE_NAME "loco-genom"
| #define PACKAGE_TARNAME "loco-genom"
| #define PACKAGE_VERSION "1.0"
| #define PACKAGE_STRING "loco-genom 1.0"
| #define PACKAGE_BUGREPORT "felix@laas.fr"
| #define PACKAGE_URL ""
| #define STDC_HEADERS 1
| #define HAVE_SYS_TYPES_H 1
| #define HAVE_SYS_STAT_H 1
| #define HAVE_STDLIB_H 1
| #define HAVE_STRING_H 1
| #define HAVE_MEMORY_H 1
| #define HAVE_STRINGS_H 1
| #define HAVE_INTTYPES_H 1
| #define HAVE_STDINT_H 1
| #define HAVE_UNISTD_H 1
| #define HAVE_DLFCN_H 1
| #define LT_OBJDIR ".libs/"
| /* end confdefs.h.  */
| #include <pthread.h>
| 	             static void routine(void* a) { (void)a; }
| 	             static void* start_routine(void* a) {return a;}
| int
| main ()
| {
| pthread_t th = pthread_self(); pthread_attr_t attr;
|                      pthread_join(th, 0);
|                      pthread_attr_init(&attr);
|                      pthread_cleanup_push(routine, 0);
|                      pthread_create(&th,0,start_routine,0);
|                      pthread_cleanup_pop(0);
|   ;
|   return 0;
| }
configure:12839: result: no
configure:12742: checking whether pthreads work with -kthread
configure:12830: gcc -o conftest -g -O2 -kthread   conftest.c   >&5
gcc: error: unrecognized command line option '-kthread'
configure:12830: $? = 1
configure: failed program was:
| /* confdefs.h */
| #define PACKAGE_NAME "loco-genom"
| #define PACKAGE_TARNAME "loco-genom"
| #define PACKAGE_VERSION "1.0"
| #define PACKAGE_STRING "loco-genom 1.0"
| #define PACKAGE_BUGREPORT "felix@laas.fr"
| #define PACKAGE_URL ""
| #define STDC_HEADERS 1
| #define HAVE_SYS_TYPES_H 1
| #define HAVE_SYS_STAT_H 1
| #define HAVE_STDLIB_H 1
| #define HAVE_STRING_H 1
| #define HAVE_MEMORY_H 1
| #define HAVE_STRINGS_H 1
| #define HAVE_INTTYPES_H 1
| #define HAVE_STDINT_H 1
| #define HAVE_UNISTD_H 1
| #define HAVE_DLFCN_H 1
| #define LT_OBJDIR ".libs/"
| /* end confdefs.h.  */
| #include <pthread.h>
| 	             static void routine(void* a) { (void)a; }
| 	             static void* start_routine(void* a) {return a;}
| int
| main ()
| {
| pthread_t th = pthread_self(); pthread_attr_t attr;
|                      pthread_join(th, 0);
|                      pthread_attr_init(&attr);
|                      pthread_cleanup_push(routine, 0);
|                      pthread_create(&th,0,start_routine,0);
|                      pthread_cleanup_pop(0);
|   ;
|   return 0;
| }
configure:12839: result: no
configure:12792: checking for the pthreads library -llthread
configure:12830: gcc -o conftest -g -O2    conftest.c -llthread  >&5
/usr/bin/ld: cannot find -llthread
collect2: error: ld returned 1 exit status
configure:12830: $? = 1
configure: failed program was:
| /* confdefs.h */
| #define PACKAGE_NAME "loco-genom"
| #define PACKAGE_TARNAME "loco-genom"
| #define PACKAGE_VERSION "1.0"
| #define PACKAGE_STRING "loco-genom 1.0"
| #define PACKAGE_BUGREPORT "felix@laas.fr"
| #define PACKAGE_URL ""
| #define STDC_HEADERS 1
| #define HAVE_SYS_TYPES_H 1
| #define HAVE_SYS_STAT_H 1
| #define HAVE_STDLIB_H 1
| #define HAVE_STRING_H 1
| #define HAVE_MEMORY_H 1
| #define HAVE_STRINGS_H 1
| #define HAVE_INTTYPES_H 1
| #define HAVE_STDINT_H 1
| #define HAVE_UNISTD_H 1
| #define HAVE_DLFCN_H 1
| #define LT_OBJDIR ".libs/"
| /* end confdefs.h.  */
| #include <pthread.h>
| 	             static void routine(void* a) { (void)a; }
| 	             static void* start_routine(void* a) {return a;}
| int
| main ()
| {
| pthread_t th = pthread_self(); pthread_attr_t attr;
|                      pthread_join(th, 0);
|                      pthread_attr_init(&attr);
|                      pthread_cleanup_push(routine, 0);
|                      pthread_create(&th,0,start_routine,0);
|                      pthread_cleanup_pop(0);
|   ;
|   return 0;
| }
configure:12839: result: no
configure:12742: checking whether pthreads work with -pthread
configure:12830: gcc -o conftest -g -O2 -pthread   conftest.c   >&5
configure:12830: $? = 0
configure:12839: result: yes
configure:12858: checking for joinable pthread attribute
configure:12873: gcc -o conftest -g -O2 -pthread   conftest.c   >&5
configure:12873: $? = 0
configure:12879: result: PTHREAD_CREATE_JOINABLE
configure:12889: checking if more special flags are required for pthreads
configure:12896: result: no
configure:13033: checking for pkg-config
configure:13051: found /usr/bin/pkg-config
configure:13063: result: /usr/bin/pkg-config
configure:13088: checking pkg-config is at least version 0.9.0
configure:13091: result: yes
configure:13101: checking for pocolibs
configure:13108: $PKG_CONFIG --exists --print-errors "pocolibs >= 2.5"
configure:13111: $? = 0
configure:13125: $PKG_CONFIG --exists --print-errors "pocolibs >= 2.5"
configure:13128: $? = 0
configure:13186: result: yes
configure:13192: checking for genom3_pocolibs
configure:13199: $PKG_CONFIG --exists --print-errors "genom3-pocolibs >= 1.0"
configure:13202: $? = 0
configure:13216: $PKG_CONFIG --exists --print-errors "genom3-pocolibs >= 1.0"
configure:13219: $? = 0
configure:13277: result: yes
configure:13283: checking for genom3
configure:13290: $PKG_CONFIG --exists --print-errors "genom3 >= 2.99.24"
configure:13293: $? = 0
configure:13307: $PKG_CONFIG --exists --print-errors "genom3 >= 2.99.24"
configure:13310: $? = 0
configure:13368: result: yes
configure:13376: $PKG_CONFIG --exists --print-errors "genom3 >= 2.99.24"
configure:13379: $? = 0
configure:13396: $PKG_CONFIG --exists --print-errors "genom3-c-client >= 20140618"
configure:13399: $? = 0
configure:13523: checking that generated files are newer than configure
configure:13529: result: done
configure:13556: creating ./config.status

## ---------------------- ##
## Running config.status. ##
## ---------------------- ##

This file was extended by loco-genom config.status 1.0, which was
generated by GNU Autoconf 2.69.  Invocation command line was

  CONFIG_FILES    = 
  CONFIG_HEADERS  = 
  CONFIG_LINKS    = 
  CONFIG_COMMANDS = 
  $ ./config.status 

on neoangel-VirtualBox

config.status:1101: creating Makefile
config.status:1101: creating loco-c-client.pc
config.status:1101: creating loco-c-client-uninstalled.pc
config.status:1101: creating autoconf/acheader.h
config.status:1330: executing depfiles commands
config.status:1330: executing libtool commands

## ---------------- ##
## Cache variables. ##
## ---------------- ##

ac_cv_build=x86_64-pc-linux-gnu
ac_cv_c_compiler_gnu=yes
ac_cv_env_CC_set=
ac_cv_env_CC_value=
ac_cv_env_CFLAGS_set=
ac_cv_env_CFLAGS_value=
ac_cv_env_CPPFLAGS_set=
ac_cv_env_CPPFLAGS_value=
ac_cv_env_CPP_set=
ac_cv_env_CPP_value=
ac_cv_env_LDFLAGS_set=
ac_cv_env_LDFLAGS_value=
ac_cv_env_LIBS_set=
ac_cv_env_LIBS_value=
ac_cv_env_LT_SYS_LIBRARY_PATH_set=
ac_cv_env_LT_SYS_LIBRARY_PATH_value=
ac_cv_env_PKG_CONFIG_LIBDIR_set=
ac_cv_env_PKG_CONFIG_LIBDIR_value=
ac_cv_env_PKG_CONFIG_PATH_set=set
ac_cv_env_PKG_CONFIG_PATH_value=/home/neoangel/work/Projet_2A/Loco/build/./pocolibs/client/c:/home/neoangel/work/Projet_2A/Loco/build/./pocolibs/server:/home/neoangel/work/Projet_2A/Loco/build:/home/neoangel/work/lib/pkgconfig:/home/neoangel/openrobots/lib/pkgconfig
ac_cv_env_PKG_CONFIG_set=
ac_cv_env_PKG_CONFIG_value=
ac_cv_env_build_alias_set=
ac_cv_env_build_alias_value=
ac_cv_env_genom3_CFLAGS_set=
ac_cv_env_genom3_CFLAGS_value=
ac_cv_env_genom3_LIBS_set=
ac_cv_env_genom3_LIBS_value=
ac_cv_env_genom3_pocolibs_CFLAGS_set=
ac_cv_env_genom3_pocolibs_CFLAGS_value=
ac_cv_env_genom3_pocolibs_LIBS_set=
ac_cv_env_genom3_pocolibs_LIBS_value=
ac_cv_env_host_alias_set=
ac_cv_env_host_alias_value=
ac_cv_env_pocolibs_CFLAGS_set=
ac_cv_env_pocolibs_CFLAGS_value=
ac_cv_env_pocolibs_LIBS_set=
ac_cv_env_pocolibs_LIBS_value=
ac_cv_env_target_alias_set=
ac_cv_env_target_alias_value=
ac_cv_header_dlfcn_h=yes
ac_cv_header_inttypes_h=yes
ac_cv_header_memory_h=yes
ac_cv_header_stdc=yes
ac_cv_header_stdint_h=yes
ac_cv_header_stdlib_h=yes
ac_cv_header_string_h=yes
ac_cv_header_strings_h=yes
ac_cv_header_sys_stat_h=yes
ac_cv_header_sys_types_h=yes
ac_cv_header_unistd_h=yes
ac_cv_host=x86_64-pc-linux-gnu
ac_cv_objext=o
ac_cv_path_EGREP='/bin/grep -E'
ac_cv_path_FGREP='/bin/grep -F'
ac_cv_path_GREP=/bin/grep
ac_cv_path_SED=/bin/sed
ac_cv_path_ac_pt_PKG_CONFIG=/usr/bin/pkg-config
ac_cv_path_install='/usr/bin/install -c'
ac_cv_path_lt_DD=/bin/dd
ac_cv_path_mkdir=/bin/mkdir
ac_cv_prog_AWK=mawk
ac_cv_prog_CPP='gcc -E'
ac_cv_prog_ac_ct_AR=ar
ac_cv_prog_ac_ct_CC=gcc
ac_cv_prog_ac_ct_MANIFEST_TOOL=mt
ac_cv_prog_ac_ct_OBJDUMP=objdump
ac_cv_prog_ac_ct_RANLIB=ranlib
ac_cv_prog_ac_ct_STRIP=strip
ac_cv_prog_cc_c89=
ac_cv_prog_cc_g=yes
ac_cv_prog_make_make_set=yes
am_cv_CC_dependencies_compiler_type=gcc3
am_cv_make_support_nested_variables=yes
am_cv_prog_cc_c_o=yes
lt_cv_ar_at_file=@
lt_cv_archive_cmds_need_lc=no
lt_cv_deplibs_check_method=pass_all
lt_cv_file_magic_cmd='$MAGIC_CMD'
lt_cv_file_magic_test_file=
lt_cv_ld_reload_flag=-r
lt_cv_nm_interface='BSD nm'
lt_cv_objdir=.libs
lt_cv_path_LD=/usr/bin/ld
lt_cv_path_NM='/usr/bin/nm -B'
lt_cv_path_mainfest_tool=no
lt_cv_prog_compiler_c_o=yes
lt_cv_prog_compiler_pic='-fPIC -DPIC'
lt_cv_prog_compiler_pic_works=yes
lt_cv_prog_compiler_rtti_exceptions=no
lt_cv_prog_compiler_static_works=yes
lt_cv_prog_gnu_ld=yes
lt_cv_sharedlib_from_linklib_cmd='printf %s\n'
lt_cv_shlibpath_overrides_runpath=no
lt_cv_sys_global_symbol_pipe='sed -n -e '\''s/^.*[	 ]\([ABCDGIRSTW][ABCDGIRSTW]*\)[	 ][	 ]*\([_A-Za-z][_A-Za-z0-9]*\)$/\1 \2 \2/p'\'' | sed '\''/ __gnu_lto/d'\'''
lt_cv_sys_global_symbol_to_c_name_address='sed -n -e '\''s/^: \(.*\) .*$/  {"\1", (void *) 0},/p'\'' -e '\''s/^[ABCDGIRSTW][ABCDGIRSTW]* .* \(.*\)$/  {"\1", (void *) \&\1},/p'\'''
lt_cv_sys_global_symbol_to_c_name_address_lib_prefix='sed -n -e '\''s/^: \(.*\) .*$/  {"\1", (void *) 0},/p'\'' -e '\''s/^[ABCDGIRSTW][ABCDGIRSTW]* .* \(lib.*\)$/  {"\1", (void *) \&\1},/p'\'' -e '\''s/^[ABCDGIRSTW][ABCDGIRSTW]* .* \(.*\)$/  {"lib\1", (void *) \&\1},/p'\'''
lt_cv_sys_global_symbol_to_cdecl='sed -n -e '\''s/^T .* \(.*\)$/extern int \1();/p'\'' -e '\''s/^[ABCDGIRSTW][ABCDGIRSTW]* .* \(.*\)$/extern char \1;/p'\'''
lt_cv_sys_global_symbol_to_import=
lt_cv_sys_max_cmd_len=1572864
lt_cv_to_host_file_cmd=func_convert_file_noop
lt_cv_to_tool_file_cmd=func_convert_file_noop
lt_cv_truncate_bin='/bin/dd bs=4096 count=1'
pkg_cv_GENOM_CLIENT_PROTOCOL=20140618
pkg_cv_genom3=/home/neoangel/openrobots/bin/genom3
pkg_cv_genom3_CFLAGS=-I/home/neoangel/openrobots/include
pkg_cv_genom3_LIBS=
pkg_cv_genom3_pocolibs_CFLAGS=
pkg_cv_genom3_pocolibs_LIBS='-L/home/neoangel/openrobots/lib -Wl,-rpath,/home/neoangel/openrobots/lib'
pkg_cv_pocolibs_CFLAGS=-I/home/neoangel/openrobots/include
pkg_cv_pocolibs_LIBS='-L/home/neoangel/openrobots/lib -Wl,-rpath,/home/neoangel/openrobots/lib -lposterLib -lcomLib -lportLib -lrt -lm -ldl'

## ----------------- ##
## Output variables. ##
## ----------------- ##

ACLOCAL='${SHELL} /home/neoangel/work/Projet_2A/Loco/build/pocolibs/client/c/autoconf/missing aclocal-1.15'
AMDEPBACKSLASH='\'
AMDEP_FALSE='#'
AMDEP_TRUE=''
AMTAR='$${TAR-tar}'
AM_BACKSLASH='\'
AM_DEFAULT_V='$(AM_DEFAULT_VERBOSITY)'
AM_DEFAULT_VERBOSITY='1'
AM_V='$(V)'
AR='ar'
AUTOCONF='${SHELL} /home/neoangel/work/Projet_2A/Loco/build/pocolibs/client/c/autoconf/missing autoconf'
AUTOHEADER='${SHELL} /home/neoangel/work/Projet_2A/Loco/build/pocolibs/client/c/autoconf/missing autoheader'
AUTOMAKE='${SHELL} /home/neoangel/work/Projet_2A/Loco/build/pocolibs/client/c/autoconf/missing automake-1.15'
AWK='mawk'
CC='gcc'
CCDEPMODE='depmode=gcc3'
CFLAGS='-g -O2'
CPP='gcc -E'
CPPFLAGS=''
CYGPATH_W='echo'
DEFS='-DHAVE_CONFIG_H'
DEPDIR='.deps'
DLLTOOL='false'
DSYMUTIL=''
DUMPBIN=''
ECHO_C=''
ECHO_N='-n'
ECHO_T=''
EGREP='/bin/grep -E'
EXEEXT=''
FGREP='/bin/grep -F'
GENOM_CLIENT_PROTOCOL='20140618'
GREP='/bin/grep'
INSTALL_DATA='${INSTALL} -m 644'
INSTALL_PROGRAM='${INSTALL}'
INSTALL_SCRIPT='${INSTALL}'
INSTALL_STRIP_PROGRAM='$(install_sh) -c -s'
LD='/usr/bin/ld -m elf_x86_64'
LDFLAGS=''
LIBOBJS=''
LIBS=''
LIBTOOL='$(SHELL) $(top_builddir)/libtool'
LIPO=''
LN_S='ln -s'
LTLIBOBJS=''
LT_SYS_LIBRARY_PATH=''
MAKEINFO='${SHELL} /home/neoangel/work/Projet_2A/Loco/build/pocolibs/client/c/autoconf/missing makeinfo'
MANIFEST_TOOL=':'
MKDIR_P='/bin/mkdir -p'
NM='/usr/bin/nm -B'
NMEDIT=''
OBJDUMP='objdump'
OBJEXT='o'
OTOOL64=''
OTOOL=''
PACKAGE='loco-genom'
PACKAGE_BUGREPORT='felix@laas.fr'
PACKAGE_NAME='loco-genom'
PACKAGE_STRING='loco-genom 1.0'
PACKAGE_TARNAME='loco-genom'
PACKAGE_URL=''
PACKAGE_VERSION='1.0'
PATH_SEPARATOR=':'
PKG_CONFIG='/usr/bin/pkg-config'
PKG_CONFIG_LIBDIR=''
PKG_CONFIG_PATH='/home/neoangel/work/Projet_2A/Loco/build/./pocolibs/client/c:/home/neoangel/work/Projet_2A/Loco/build/./pocolibs/server:/home/neoangel/work/Projet_2A/Loco/build:/home/neoangel/work/lib/pkgconfig:/home/neoangel/openrobots/lib/pkgconfig'
PTHREAD_CC='gcc'
PTHREAD_CFLAGS='-pthread'
PTHREAD_LIBS=''
RANLIB='ranlib'
SED='/bin/sed'
SET_MAKE=''
SHELL='/bin/bash'
STRIP='strip'
VERSION='1.0'
ac_ct_AR='ar'
ac_ct_CC='gcc'
ac_ct_DUMPBIN=''
am__EXEEXT_FALSE=''
am__EXEEXT_TRUE='#'
am__fastdepCC_FALSE='#'
am__fastdepCC_TRUE=''
am__include='include'
am__isrc=''
am__leading_dot='.'
am__nodep='_no'
am__quote=''
am__tar='$${TAR-tar} chof - "$$tardir"'
am__untar='$${TAR-tar} xf -'
ax_pthread_config=''
bindir='${exec_prefix}/bin'
build='x86_64-pc-linux-gnu'
build_alias=''
build_cpu='x86_64'
build_os='linux-gnu'
build_vendor='pc'
datadir='${datarootdir}'
datarootdir='${prefix}/share'
docdir='${datarootdir}/doc/${PACKAGE_TARNAME}'
dvidir='${docdir}'
exec_prefix='${prefix}'
genom3='/home/neoangel/openrobots/bin/genom3'
genom3_CFLAGS='-I/home/neoangel/openrobots/include'
genom3_LIBS=''
genom3_pocolibs_CFLAGS=''
genom3_pocolibs_LIBS='-L/home/neoangel/openrobots/lib -Wl,-rpath,/home/neoangel/openrobots/lib'
host='x86_64-pc-linux-gnu'
host_alias=''
host_cpu='x86_64'
host_os='linux-gnu'
host_vendor='pc'
htmldir='${docdir}'
includedir='${prefix}/include'
infodir='${datarootdir}/info'
install_sh='${SHELL} /home/neoangel/work/Projet_2A/Loco/build/pocolibs/client/c/autoconf/install-sh'
libdir='${exec_prefix}/lib'
libexecdir='${exec_prefix}/libexec'
localedir='${datarootdir}/locale'
localstatedir='${prefix}/var'
mandir='${datarootdir}/man'
mkdir_p='$(MKDIR_P)'
oldincludedir='/usr/include'
pdfdir='${docdir}'
pocolibs_CFLAGS='-I/home/neoangel/openrobots/include'
pocolibs_LIBS='-L/home/neoangel/openrobots/lib -Wl,-rpath,/home/neoangel/openrobots/lib -lposterLib -lcomLib -lportLib -lrt -lm -ldl'
prefix='/home/neoangel/work'
program_transform_name='s,x,x,'
psdir='${docdir}'
runstatedir='${localstatedir}/run'
sbindir='${exec_prefix}/sbin'
sharedstatedir='${prefix}/com'
sysconfdir='${prefix}/etc'
target_alias=''

## ----------- ##
## confdefs.h. ##
## ----------- ##

/* confdefs.h */
#define PACKAGE_NAME "loco-genom"
#define PACKAGE_TARNAME "loco-genom"
#define PACKAGE_VERSION "1.0"
#define PACKAGE_STRING "loco-genom 1.0"
#define PACKAGE_BUGREPORT "felix@laas.fr"
#define PACKAGE_URL ""
#define STDC_HEADERS 1
#define HAVE_SYS_TYPES_H 1
#define HAVE_SYS_STAT_H 1
#define HAVE_STDLIB_H 1
#define HAVE_STRING_H 1
#define HAVE_MEMORY_H 1
#define HAVE_STRINGS_H 1
#define HAVE_INTTYPES_H 1
#define HAVE_STDINT_H 1
#define HAVE_UNISTD_H 1
#define HAVE_DLFCN_H 1
#define LT_OBJDIR ".libs/"
#define HAVE_PTHREAD 1

configure: exit 0
