This file contains any messages produced by compilers while
running configure, to aid debugging if configure makes a mistake.

It was created by loco-genom3 configure 1.0, which was
generated by GNU Autoconf 2.69.  Invocation command line was

  $ ../configure --prefix=/home/neoangel/work --with-templates=pocolibs/server,pocolibs/client/c

## --------- ##
## Platform. ##
## --------- ##

hostname = neoangel-VirtualBox
uname -m = x86_64
uname -r = 4.8.0-58-generic
uname -s = Linux
uname -v = #63~16.04.1-Ubuntu SMP Mon Jun 26 18:08:51 UTC 2017

/usr/bin/uname -p = unknown
/bin/uname -X     = unknown

/bin/arch              = unknown
/usr/bin/arch -k       = unknown
/usr/convex/getsysinfo = unknown
/usr/bin/hostinfo      = unknown
/bin/machine           = unknown
/usr/bin/oslevel       = unknown
/bin/universe          = unknown

PATH: /home/neoangel/work/bin
PATH: /home/neoangel/work/sbin
PATH: /home/neoangel/openrobots/bin
PATH: /home/neoangel/openrobots/sbin
PATH: /home/neoangel/bin
PATH: /home/neoangel/.local/bin
PATH: /usr/local/sbin
PATH: /usr/local/bin
PATH: /usr/sbin
PATH: /usr/bin
PATH: /sbin
PATH: /bin
PATH: /usr/games
PATH: /usr/local/games
PATH: /snap/bin


## ----------- ##
## Core tests. ##
## ----------- ##

configure:2208: checking for a BSD-compatible install
configure:2276: result: /usr/bin/install -c
configure:2287: checking whether build environment is sane
configure:2342: result: yes
configure:2493: checking for a thread-safe mkdir -p
configure:2532: result: /bin/mkdir -p
configure:2539: checking for gawk
configure:2569: result: no
configure:2539: checking for mawk
configure:2555: found /usr/bin/mawk
configure:2566: result: mawk
configure:2577: checking whether make sets $(MAKE)
configure:2599: result: yes
configure:2628: checking whether make supports nested variables
configure:2645: result: yes
configure:2792: checking build system type
configure:2806: result: x86_64-pc-linux-gnu
configure:2826: checking host system type
configure:2839: result: x86_64-pc-linux-gnu
configure:2880: checking how to print strings
configure:2907: result: printf
configure:2940: checking for style of include used by make
configure:2968: result: GNU
configure:3039: checking for gcc
configure:3055: found /usr/bin/gcc
configure:3066: result: gcc
configure:3295: checking for C compiler version
configure:3304: gcc --version >&5
gcc (Ubuntu 5.4.0-6ubuntu1~16.04.4) 5.4.0 20160609
Copyright (C) 2015 Free Software Foundation, Inc.
This is free software; see the source for copying conditions.  There is NO
warranty; not even for MERCHANTABILITY or FITNESS FOR A PARTICULAR PURPOSE.

configure:3315: $? = 0
configure:3304: gcc -v >&5
Using built-in specs.
COLLECT_GCC=gcc
COLLECT_LTO_WRAPPER=/usr/lib/gcc/x86_64-linux-gnu/5/lto-wrapper
Target: x86_64-linux-gnu
Configured with: ../src/configure -v --with-pkgversion='Ubuntu 5.4.0-6ubuntu1~16.04.4' --with-bugurl=file:///usr/share/doc/gcc-5/README.Bugs --enable-languages=c,ada,c++,java,go,d,fortran,objc,obj-c++ --prefix=/usr --program-suffix=-5 --enable-shared --enable-linker-build-id --libexecdir=/usr/lib --without-included-gettext --enable-threads=posix --libdir=/usr/lib --enable-nls --with-sysroot=/ --enable-clocale=gnu --enable-libstdcxx-debug --enable-libstdcxx-time=yes --with-default-libstdcxx-abi=new --enable-gnu-unique-object --disable-vtable-verify --enable-libmpx --enable-plugin --with-system-zlib --disable-browser-plugin --enable-java-awt=gtk --enable-gtk-cairo --with-java-home=/usr/lib/jvm/java-1.5.0-gcj-5-amd64/jre --enable-java-home --with-jvm-root-dir=/usr/lib/jvm/java-1.5.0-gcj-5-amd64 --with-jvm-jar-dir=/usr/lib/jvm-exports/java-1.5.0-gcj-5-amd64 --with-arch-directory=amd64 --with-ecj-jar=/usr/share/java/eclipse-ecj.jar --enable-objc-gc --enable-multiarch --disable-werror --with-arch-32=i686 --with-abi=m64 --with-multilib-list=m32,m64,mx32 --enable-multilib --with-tune=generic --enable-checking=release --build=x86_64-linux-gnu --host=x86_64-linux-gnu --target=x86_64-linux-gnu
Thread model: posix
gcc version 5.4.0 20160609 (Ubuntu 5.4.0-6ubuntu1~16.04.4) 
configure:3315: $? = 0
configure:3304: gcc -V >&5
gcc: error: unrecognized command line option '-V'
gcc: fatal error: no input files
compilation terminated.
configure:3315: $? = 1
configure:3304: gcc -qversion >&5
gcc: error: unrecognized command line option '-qversion'
gcc: fatal error: no input files
compilation terminated.
configure:3315: $? = 1
configure:3335: checking whether the C compiler works
configure:3357: gcc    conftest.c  >&5
configure:3361: $? = 0
configure:3409: result: yes
configure:3412: checking for C compiler default output file name
configure:3414: result: a.out
configure:3420: checking for suffix of executables
configure:3427: gcc -o conftest    conftest.c  >&5
configure:3431: $? = 0
configure:3453: result: 
configure:3475: checking whether we are cross compiling
configure:3483: gcc -o conftest    conftest.c  >&5
configure:3487: $? = 0
configure:3494: ./conftest
configure:3498: $? = 0
configure:3513: result: no
configure:3518: checking for suffix of object files
configure:3540: gcc -c   conftest.c >&5
configure:3544: $? = 0
configure:3565: result: o
configure:3569: checking whether we are using the GNU C compiler
configure:3588: gcc -c   conftest.c >&5
configure:3588: $? = 0
configure:3597: result: yes
configure:3606: checking whether gcc accepts -g
configure:3626: gcc -c -g  conftest.c >&5
configure:3626: $? = 0
configure:3667: result: yes
configure:3684: checking for gcc option to accept ISO C89
configure:3747: gcc  -c -g -O2  conftest.c >&5
configure:3747: $? = 0
configure:3760: result: none needed
configure:3785: checking whether gcc understands -c and -o together
configure:3807: gcc -c conftest.c -o conftest2.o
configure:3810: $? = 0
configure:3807: gcc -c conftest.c -o conftest2.o
configure:3810: $? = 0
configure:3822: result: yes
configure:3841: checking dependency style of gcc
configure:3952: result: gcc3
configure:3967: checking for a sed that does not truncate output
configure:4031: result: /bin/sed
configure:4049: checking for grep that handles long lines and -e
configure:4107: result: /bin/grep
configure:4112: checking for egrep
configure:4174: result: /bin/grep -E
configure:4179: checking for fgrep
configure:4241: result: /bin/grep -F
configure:4276: checking for ld used by gcc
configure:4343: result: /usr/bin/ld
configure:4350: checking if the linker (/usr/bin/ld) is GNU ld
configure:4365: result: yes
configure:4377: checking for BSD- or MS-compatible name lister (nm)
configure:4431: result: /usr/bin/nm -B
configure:4561: checking the name lister (/usr/bin/nm -B) interface
configure:4568: gcc -c -g -O2  conftest.c >&5
configure:4571: /usr/bin/nm -B "conftest.o"
configure:4574: output
0000000000000000 B some_variable
configure:4581: result: BSD nm
configure:4584: checking whether ln -s works
configure:4588: result: yes
configure:4596: checking the maximum length of command line arguments
configure:4727: result: 1572864
configure:4775: checking how to convert x86_64-pc-linux-gnu file names to x86_64-pc-linux-gnu format
configure:4815: result: func_convert_file_noop
configure:4822: checking how to convert x86_64-pc-linux-gnu file names to toolchain format
configure:4842: result: func_convert_file_noop
configure:4849: checking for /usr/bin/ld option to reload object files
configure:4856: result: -r
configure:4930: checking for objdump
configure:4946: found /usr/bin/objdump
configure:4957: result: objdump
configure:4989: checking how to recognize dependent libraries
configure:5189: result: pass_all
configure:5274: checking for dlltool
configure:5304: result: no
configure:5334: checking how to associate runtime and link libraries
configure:5361: result: printf %s\n
configure:5422: checking for ar
configure:5438: found /usr/bin/ar
configure:5449: result: ar
configure:5486: checking for archiver @FILE support
configure:5503: gcc -c -g -O2  conftest.c >&5
configure:5503: $? = 0
configure:5506: ar cru libconftest.a @conftest.lst >&5
ar: `u' modifier ignored since `D' is the default (see `U')
configure:5509: $? = 0
configure:5514: ar cru libconftest.a @conftest.lst >&5
ar: `u' modifier ignored since `D' is the default (see `U')
ar: conftest.o: No such file or directory
configure:5517: $? = 1
configure:5529: result: @
configure:5587: checking for strip
configure:5603: found /usr/bin/strip
configure:5614: result: strip
configure:5686: checking for ranlib
configure:5702: found /usr/bin/ranlib
configure:5713: result: ranlib
configure:5815: checking command to parse /usr/bin/nm -B output from gcc object
configure:5968: gcc -c -g -O2  conftest.c >&5
configure:5971: $? = 0
configure:5975: /usr/bin/nm -B conftest.o \| sed -n -e 's/^.*[ ]\([ABCDGIRSTW][ABCDGIRSTW]*\)[ ][ ]*\([_A-Za-z][_A-Za-z0-9]*\)$/\1 \2 \2/p' | sed '/ __gnu_lto/d' \> conftest.nm
configure:5978: $? = 0
configure:6044: gcc -o conftest -g -O2   conftest.c conftstm.o >&5
configure:6047: $? = 0
configure:6085: result: ok
configure:6132: checking for sysroot
configure:6162: result: no
configure:6169: checking for a working dd
configure:6207: result: /bin/dd
configure:6211: checking how to truncate binary pipes
configure:6226: result: /bin/dd bs=4096 count=1
configure:6362: gcc -c -g -O2  conftest.c >&5
configure:6365: $? = 0
configure:6555: checking for mt
configure:6571: found /bin/mt
configure:6582: result: mt
configure:6605: checking if mt is a manifest tool
configure:6611: mt '-?'
configure:6619: result: no
configure:7296: checking how to run the C preprocessor
configure:7327: gcc -E  conftest.c
configure:7327: $? = 0
configure:7341: gcc -E  conftest.c
conftest.c:9:28: fatal error: ac_nonexistent.h: No such file or directory
compilation terminated.
configure:7341: $? = 1
configure: failed program was:
| /* confdefs.h */
| #define PACKAGE_NAME "loco-genom3"
| #define PACKAGE_TARNAME "loco-genom3"
| #define PACKAGE_VERSION "1.0"
| #define PACKAGE_STRING "loco-genom3 1.0"
| #define PACKAGE_BUGREPORT "felix@laas.fr"
| #define PACKAGE_URL ""
| /* end confdefs.h.  */
| #include <ac_nonexistent.h>
configure:7366: result: gcc -E
configure:7386: gcc -E  conftest.c
configure:7386: $? = 0
configure:7400: gcc -E  conftest.c
conftest.c:9:28: fatal error: ac_nonexistent.h: No such file or directory
compilation terminated.
configure:7400: $? = 1
configure: failed program was:
| /* confdefs.h */
| #define PACKAGE_NAME "loco-genom3"
| #define PACKAGE_TARNAME "loco-genom3"
| #define PACKAGE_VERSION "1.0"
| #define PACKAGE_STRING "loco-genom3 1.0"
| #define PACKAGE_BUGREPORT "felix@laas.fr"
| #define PACKAGE_URL ""
| /* end confdefs.h.  */
| #include <ac_nonexistent.h>
configure:7429: checking for ANSI C header files
configure:7449: gcc -c -g -O2  conftest.c >&5
configure:7449: $? = 0
configure:7522: gcc -o conftest -g -O2   conftest.c  >&5
configure:7522: $? = 0
configure:7522: ./conftest
configure:7522: $? = 0
configure:7533: result: yes
configure:7546: checking for sys/types.h
configure:7546: gcc -c -g -O2  conftest.c >&5
configure:7546: $? = 0
configure:7546: result: yes
configure:7546: checking for sys/stat.h
configure:7546: gcc -c -g -O2  conftest.c >&5
configure:7546: $? = 0
configure:7546: result: yes
configure:7546: checking for stdlib.h
configure:7546: gcc -c -g -O2  conftest.c >&5
configure:7546: $? = 0
configure:7546: result: yes
configure:7546: checking for string.h
configure:7546: gcc -c -g -O2  conftest.c >&5
configure:7546: $? = 0
configure:7546: result: yes
configure:7546: checking for memory.h
configure:7546: gcc -c -g -O2  conftest.c >&5
configure:7546: $? = 0
configure:7546: result: yes
configure:7546: checking for strings.h
configure:7546: gcc -c -g -O2  conftest.c >&5
configure:7546: $? = 0
configure:7546: result: yes
configure:7546: checking for inttypes.h
configure:7546: gcc -c -g -O2  conftest.c >&5
configure:7546: $? = 0
configure:7546: result: yes
configure:7546: checking for stdint.h
configure:7546: gcc -c -g -O2  conftest.c >&5
configure:7546: $? = 0
configure:7546: result: yes
configure:7546: checking for unistd.h
configure:7546: gcc -c -g -O2  conftest.c >&5
configure:7546: $? = 0
configure:7546: result: yes
configure:7560: checking for dlfcn.h
configure:7560: gcc -c -g -O2  conftest.c >&5
configure:7560: $? = 0
configure:7560: result: yes
configure:7816: checking for objdir
configure:7831: result: .libs
configure:8095: checking if gcc supports -fno-rtti -fno-exceptions
configure:8113: gcc -c -g -O2  -fno-rtti -fno-exceptions conftest.c >&5
cc1: warning: command line option '-fno-rtti' is valid for C++/ObjC++ but not for C
configure:8117: $? = 0
configure:8130: result: no
configure:8488: checking for gcc option to produce PIC
configure:8495: result: -fPIC -DPIC
configure:8503: checking if gcc PIC flag -fPIC -DPIC works
configure:8521: gcc -c -g -O2  -fPIC -DPIC -DPIC conftest.c >&5
configure:8525: $? = 0
configure:8538: result: yes
configure:8567: checking if gcc static flag -static works
configure:8595: result: yes
configure:8610: checking if gcc supports -c -o file.o
configure:8631: gcc -c -g -O2  -o out/conftest2.o conftest.c >&5
configure:8635: $? = 0
configure:8657: result: yes
configure:8665: checking if gcc supports -c -o file.o
configure:8712: result: yes
configure:8745: checking whether the gcc linker (/usr/bin/ld -m elf_x86_64) supports shared libraries
configure:10008: result: yes
configure:10045: checking whether -lc should be explicitly linked in
configure:10053: gcc -c -g -O2  conftest.c >&5
configure:10056: $? = 0
configure:10071: gcc -shared  -fPIC -DPIC conftest.o  -v -Wl,-soname -Wl,conftest -o conftest 2\>\&1 \| /bin/grep  -lc  \>/dev/null 2\>\&1
configure:10074: $? = 0
configure:10088: result: no
configure:10248: checking dynamic linker characteristics
configure:10829: gcc -o conftest -g -O2   -Wl,-rpath -Wl,/foo conftest.c  >&5
configure:10829: $? = 0
configure:11078: result: GNU/Linux ld.so
configure:11200: checking how to hardcode library paths into programs
configure:11225: result: immediate
configure:11773: checking whether stripping libraries is possible
configure:11778: result: yes
configure:11813: checking if libtool supports shared libraries
configure:11815: result: yes
configure:11818: checking whether to build shared libraries
configure:11843: result: yes
configure:11846: checking whether to build static libraries
configure:11850: result: yes
configure:11935: checking for gcc
configure:11962: result: gcc
configure:12191: checking for C compiler version
configure:12200: gcc --version >&5
gcc (Ubuntu 5.4.0-6ubuntu1~16.04.4) 5.4.0 20160609
Copyright (C) 2015 Free Software Foundation, Inc.
This is free software; see the source for copying conditions.  There is NO
warranty; not even for MERCHANTABILITY or FITNESS FOR A PARTICULAR PURPOSE.

configure:12211: $? = 0
configure:12200: gcc -v >&5
Using built-in specs.
COLLECT_GCC=gcc
COLLECT_LTO_WRAPPER=/usr/lib/gcc/x86_64-linux-gnu/5/lto-wrapper
Target: x86_64-linux-gnu
Configured with: ../src/configure -v --with-pkgversion='Ubuntu 5.4.0-6ubuntu1~16.04.4' --with-bugurl=file:///usr/share/doc/gcc-5/README.Bugs --enable-languages=c,ada,c++,java,go,d,fortran,objc,obj-c++ --prefix=/usr --program-suffix=-5 --enable-shared --enable-linker-build-id --libexecdir=/usr/lib --without-included-gettext --enable-threads=posix --libdir=/usr/lib --enable-nls --with-sysroot=/ --enable-clocale=gnu --enable-libstdcxx-debug --enable-libstdcxx-time=yes --with-default-libstdcxx-abi=new --enable-gnu-unique-object --disable-vtable-verify --enable-libmpx --enable-plugin --with-system-zlib --disable-browser-plugin --enable-java-awt=gtk --enable-gtk-cairo --with-java-home=/usr/lib/jvm/java-1.5.0-gcj-5-amd64/jre --enable-java-home --with-jvm-root-dir=/usr/lib/jvm/java-1.5.0-gcj-5-amd64 --with-jvm-jar-dir=/usr/lib/jvm-exports/java-1.5.0-gcj-5-amd64 --with-arch-directory=amd64 --with-ecj-jar=/usr/share/java/eclipse-ecj.jar --enable-objc-gc --enable-multiarch --disable-werror --with-arch-32=i686 --with-abi=m64 --with-multilib-list=m32,m64,mx32 --enable-multilib --with-tune=generic --enable-checking=release --build=x86_64-linux-gnu --host=x86_64-linux-gnu --target=x86_64-linux-gnu
Thread model: posix
gcc version 5.4.0 20160609 (Ubuntu 5.4.0-6ubuntu1~16.04.4) 
configure:12211: $? = 0
configure:12200: gcc -V >&5
gcc: error: unrecognized command line option '-V'
gcc: fatal error: no input files
compilation terminated.
configure:12211: $? = 1
configure:12200: gcc -qversion >&5
gcc: error: unrecognized command line option '-qversion'
gcc: fatal error: no input files
compilation terminated.
configure:12211: $? = 1
configure:12215: checking whether we are using the GNU C compiler
configure:12243: result: yes
configure:12252: checking whether gcc accepts -g
configure:12313: result: yes
configure:12330: checking for gcc option to accept ISO C89
configure:12406: result: none needed
configure:12431: checking whether gcc understands -c and -o together
configure:12468: result: yes
configure:12487: checking dependency style of gcc
configure:12598: result: gcc3
configure:12669: checking for pkg-config
configure:12687: found /usr/bin/pkg-config
configure:12699: result: /usr/bin/pkg-config
configure:12724: checking pkg-config is at least version 0.9.0
configure:12727: result: yes
configure:12737: checking for requires
configure:12746: $PKG_CONFIG --exists --print-errors "
  genom3 >= 2.99.4
"
configure:12751: $? = 0
configure:12769: $PKG_CONFIG --exists --print-errors "
  genom3 >= 2.99.4
"
configure:12774: $? = 0
configure:12840: result: yes
configure:12847: checking for genom3
configure:12865: found /home/neoangel/openrobots/bin/genom3
configure:12878: result: /home/neoangel/openrobots/bin/genom3
configure:12908: checking for autoreconf
configure:12926: found /usr/bin/autoreconf
configure:12939: result: /usr/bin/autoreconf
configure:13155: checking that generated files are newer than configure
configure:13161: result: done
configure:13188: creating ./config.status

## ---------------------- ##
## Running config.status. ##
## ---------------------- ##

This file was extended by loco-genom3 config.status 1.0, which was
generated by GNU Autoconf 2.69.  Invocation command line was

  CONFIG_FILES    = 
  CONFIG_HEADERS  = 
  CONFIG_LINKS    = 
  CONFIG_COMMANDS = 
  $ ./config.status 

on neoangel-VirtualBox

config.status:1093: creating loco-genom3.pc
config.status:1093: creating loco-genom3-uninstalled.pc
config.status:1093: creating Makefile
config.status:1093: creating codels/Makefile
config.status:1093: creating autoconf/acloco.h
config.status:1307: executing depfiles commands
config.status:1307: executing libtool commands
configure:15338: configuring for pocolibs/server
configure:15342: running /home/neoangel/openrobots/bin/genom3  pocolibs/server -C ./pocolibs/server ../loco.gen
configure:15353: running autoreconf -vi for pocolibs/server
configure:15366: running /bin/bash configure '--disable-option-checking' '--prefix=/home/neoangel/work'  '--cache-file=/dev/null' '--srcdir=.' 'PKG_CONFIG_PATH=/home/neoangel/work/Projet_2A/Loco/build/./pocolibs/client/c:/home/neoangel/work/Projet_2A/Loco/build/./pocolibs/server:/home/neoangel/work/Projet_2A/Loco/build:/home/neoangel/work/lib/pkgconfig:/home/neoangel/openrobots/lib/pkgconfig' for pocolibs/server
configure:15381: done configuring for pocolibs/server
configure:15338: configuring for pocolibs/client/c
configure:15342: running /home/neoangel/openrobots/bin/genom3  pocolibs/client/c -C ./pocolibs/client/c ../loco.gen
configure:15353: running autoreconf -vi for pocolibs/client/c
configure:15366: running /bin/bash configure '--disable-option-checking' '--prefix=/home/neoangel/work'  '--cache-file=/dev/null' '--srcdir=.' 'PKG_CONFIG_PATH=/home/neoangel/work/Projet_2A/Loco/build/./pocolibs/client/c:/home/neoangel/work/Projet_2A/Loco/build/./pocolibs/server:/home/neoangel/work/Projet_2A/Loco/build:/home/neoangel/work/lib/pkgconfig:/home/neoangel/openrobots/lib/pkgconfig' for pocolibs/client/c
configure:15381: done configuring for pocolibs/client/c

## ---------------- ##
## Cache variables. ##
## ---------------- ##

ac_cv_build=x86_64-pc-linux-gnu
ac_cv_c_compiler_gnu=yes
ac_cv_env_CC_set=
ac_cv_env_CC_value=
ac_cv_env_CFLAGS_set=
ac_cv_env_CFLAGS_value=
ac_cv_env_CPPFLAGS_set=
ac_cv_env_CPPFLAGS_value=
ac_cv_env_CPP_set=
ac_cv_env_CPP_value=
ac_cv_env_LDFLAGS_set=
ac_cv_env_LDFLAGS_value=
ac_cv_env_LIBS_set=
ac_cv_env_LIBS_value=
ac_cv_env_LT_SYS_LIBRARY_PATH_set=
ac_cv_env_LT_SYS_LIBRARY_PATH_value=
ac_cv_env_PKG_CONFIG_LIBDIR_set=
ac_cv_env_PKG_CONFIG_LIBDIR_value=
ac_cv_env_PKG_CONFIG_PATH_set=set
ac_cv_env_PKG_CONFIG_PATH_value=/home/neoangel/work/lib/pkgconfig:/home/neoangel/openrobots/lib/pkgconfig
ac_cv_env_PKG_CONFIG_set=
ac_cv_env_PKG_CONFIG_value=
ac_cv_env_build_alias_set=
ac_cv_env_build_alias_value=
ac_cv_env_host_alias_set=
ac_cv_env_host_alias_value=
ac_cv_env_requires_CFLAGS_set=
ac_cv_env_requires_CFLAGS_value=
ac_cv_env_requires_LIBS_set=
ac_cv_env_requires_LIBS_value=
ac_cv_env_target_alias_set=
ac_cv_env_target_alias_value=
ac_cv_header_dlfcn_h=yes
ac_cv_header_inttypes_h=yes
ac_cv_header_memory_h=yes
ac_cv_header_stdc=yes
ac_cv_header_stdint_h=yes
ac_cv_header_stdlib_h=yes
ac_cv_header_string_h=yes
ac_cv_header_strings_h=yes
ac_cv_header_sys_stat_h=yes
ac_cv_header_sys_types_h=yes
ac_cv_header_unistd_h=yes
ac_cv_host=x86_64-pc-linux-gnu
ac_cv_objext=o
ac_cv_path_EGREP='/bin/grep -E'
ac_cv_path_FGREP='/bin/grep -F'
ac_cv_path_GENOM3=/home/neoangel/openrobots/bin/genom3
ac_cv_path_GREP=/bin/grep
ac_cv_path_SED=/bin/sed
ac_cv_path_ac_pt_PKG_CONFIG=/usr/bin/pkg-config
ac_cv_path_ag_autoreconf=/usr/bin/autoreconf
ac_cv_path_install='/usr/bin/install -c'
ac_cv_path_lt_DD=/bin/dd
ac_cv_path_mkdir=/bin/mkdir
ac_cv_prog_AWK=mawk
ac_cv_prog_CPP='gcc -E'
ac_cv_prog_ac_ct_AR=ar
ac_cv_prog_ac_ct_CC=gcc
ac_cv_prog_ac_ct_MANIFEST_TOOL=mt
ac_cv_prog_ac_ct_OBJDUMP=objdump
ac_cv_prog_ac_ct_RANLIB=ranlib
ac_cv_prog_ac_ct_STRIP=strip
ac_cv_prog_cc_c89=
ac_cv_prog_cc_g=yes
ac_cv_prog_make_make_set=yes
am_cv_CC_dependencies_compiler_type=gcc3
am_cv_make_support_nested_variables=yes
am_cv_prog_cc_c_o=yes
lt_cv_ar_at_file=@
lt_cv_archive_cmds_need_lc=no
lt_cv_deplibs_check_method=pass_all
lt_cv_file_magic_cmd='$MAGIC_CMD'
lt_cv_file_magic_test_file=
lt_cv_ld_reload_flag=-r
lt_cv_nm_interface='BSD nm'
lt_cv_objdir=.libs
lt_cv_path_LD=/usr/bin/ld
lt_cv_path_NM='/usr/bin/nm -B'
lt_cv_path_mainfest_tool=no
lt_cv_prog_compiler_c_o=yes
lt_cv_prog_compiler_pic='-fPIC -DPIC'
lt_cv_prog_compiler_pic_works=yes
lt_cv_prog_compiler_rtti_exceptions=no
lt_cv_prog_compiler_static_works=yes
lt_cv_prog_gnu_ld=yes
lt_cv_sharedlib_from_linklib_cmd='printf %s\n'
lt_cv_shlibpath_overrides_runpath=no
lt_cv_sys_global_symbol_pipe='sed -n -e '\''s/^.*[	 ]\([ABCDGIRSTW][ABCDGIRSTW]*\)[	 ][	 ]*\([_A-Za-z][_A-Za-z0-9]*\)$/\1 \2 \2/p'\'' | sed '\''/ __gnu_lto/d'\'''
lt_cv_sys_global_symbol_to_c_name_address='sed -n -e '\''s/^: \(.*\) .*$/  {"\1", (void *) 0},/p'\'' -e '\''s/^[ABCDGIRSTW][ABCDGIRSTW]* .* \(.*\)$/  {"\1", (void *) \&\1},/p'\'''
lt_cv_sys_global_symbol_to_c_name_address_lib_prefix='sed -n -e '\''s/^: \(.*\) .*$/  {"\1", (void *) 0},/p'\'' -e '\''s/^[ABCDGIRSTW][ABCDGIRSTW]* .* \(lib.*\)$/  {"\1", (void *) \&\1},/p'\'' -e '\''s/^[ABCDGIRSTW][ABCDGIRSTW]* .* \(.*\)$/  {"lib\1", (void *) \&\1},/p'\'''
lt_cv_sys_global_symbol_to_cdecl='sed -n -e '\''s/^T .* \(.*\)$/extern int \1();/p'\'' -e '\''s/^[ABCDGIRSTW][ABCDGIRSTW]* .* \(.*\)$/extern char \1;/p'\'''
lt_cv_sys_global_symbol_to_import=
lt_cv_sys_max_cmd_len=1572864
lt_cv_to_host_file_cmd=func_convert_file_noop
lt_cv_to_tool_file_cmd=func_convert_file_noop
lt_cv_truncate_bin='/bin/dd bs=4096 count=1'
pkg_cv_requires_CFLAGS=-I/home/neoangel/openrobots/include
pkg_cv_requires_LIBS=

## ----------------- ##
## Output variables. ##
## ----------------- ##

ACLOCAL='${SHELL} /home/neoangel/work/Projet_2A/Loco/autoconf/missing aclocal-1.15'
AG_TEMPLATES_SUBDIRS='./pocolibs/server ./pocolibs/client/c'
AMDEPBACKSLASH='\'
AMDEP_FALSE='#'
AMDEP_TRUE=''
AMTAR='$${TAR-tar}'
AM_BACKSLASH='\'
AM_DEFAULT_V='$(AM_DEFAULT_VERBOSITY)'
AM_DEFAULT_VERBOSITY='1'
AM_V='$(V)'
AR='ar'
AUTOCONF='${SHELL} /home/neoangel/work/Projet_2A/Loco/autoconf/missing autoconf'
AUTOHEADER='${SHELL} /home/neoangel/work/Projet_2A/Loco/autoconf/missing autoheader'
AUTOMAKE='${SHELL} /home/neoangel/work/Projet_2A/Loco/autoconf/missing automake-1.15'
AWK='mawk'
CC='gcc'
CCDEPMODE='depmode=gcc3'
CFLAGS='-g -O2'
CPP='gcc -E'
CPPFLAGS=''
CYGPATH_W='echo'
DEFS='-DHAVE_CONFIG_H'
DEPDIR='.deps'
DLLTOOL='false'
DSYMUTIL=''
DUMPBIN=''
ECHO_C=''
ECHO_N='-n'
ECHO_T=''
EGREP='/bin/grep -E'
EXEEXT=''
FGREP='/bin/grep -F'
GENOM3='/home/neoangel/openrobots/bin/genom3'
GREP='/bin/grep'
INSTALL_DATA='${INSTALL} -m 644'
INSTALL_PROGRAM='${INSTALL}'
INSTALL_SCRIPT='${INSTALL}'
INSTALL_STRIP_PROGRAM='$(install_sh) -c -s'
LD='/usr/bin/ld -m elf_x86_64'
LDFLAGS=''
LIBOBJS=''
LIBS=''
LIBTOOL='$(SHELL) $(top_builddir)/libtool'
LIPO=''
LN_S='ln -s'
LTLIBOBJS=''
LT_SYS_LIBRARY_PATH=''
MAKEINFO='${SHELL} /home/neoangel/work/Projet_2A/Loco/autoconf/missing makeinfo'
MANIFEST_TOOL=':'
MKDIR_P='/bin/mkdir -p'
NM='/usr/bin/nm -B'
NMEDIT=''
OBJDUMP='objdump'
OBJEXT='o'
OTOOL64=''
OTOOL=''
PACKAGE='loco-genom3'
PACKAGE_BUGREPORT='felix@laas.fr'
PACKAGE_NAME='loco-genom3'
PACKAGE_STRING='loco-genom3 1.0'
PACKAGE_TARNAME='loco-genom3'
PACKAGE_URL=''
PACKAGE_VERSION='1.0'
PATH_SEPARATOR=':'
PKG_CONFIG='/usr/bin/pkg-config'
PKG_CONFIG_LIBDIR=''
PKG_CONFIG_PATH='/home/neoangel/work/lib/pkgconfig:/home/neoangel/openrobots/lib/pkgconfig'
RANLIB='ranlib'
SED='/bin/sed'
SET_MAKE=''
SHELL='/bin/bash'
STRIP='strip'
VERSION='1.0'
ac_ct_AR='ar'
ac_ct_CC='gcc'
ac_ct_DUMPBIN=''
ag_autoreconf='/usr/bin/autoreconf'
am__EXEEXT_FALSE=''
am__EXEEXT_TRUE='#'
am__fastdepCC_FALSE='#'
am__fastdepCC_TRUE=''
am__include='include'
am__isrc=' -I$(srcdir)'
am__leading_dot='.'
am__nodep='_no'
am__quote=''
am__tar='$${TAR-tar} chof - "$$tardir"'
am__untar='$${TAR-tar} xf -'
bindir='${exec_prefix}/bin'
build='x86_64-pc-linux-gnu'
build_alias=''
build_cpu='x86_64'
build_os='linux-gnu'
build_vendor='pc'
datadir='${datarootdir}'
datarootdir='${prefix}/share'
docdir='${datarootdir}/doc/${PACKAGE_TARNAME}'
dvidir='${docdir}'
exec_prefix='${prefix}'
host='x86_64-pc-linux-gnu'
host_alias=''
host_cpu='x86_64'
host_os='linux-gnu'
host_vendor='pc'
htmldir='${docdir}'
includedir='${prefix}/include'
infodir='${datarootdir}/info'
install_sh='${SHELL} /home/neoangel/work/Projet_2A/Loco/autoconf/install-sh'
libdir='${exec_prefix}/lib'
libexecdir='${exec_prefix}/libexec'
localedir='${datarootdir}/locale'
localstatedir='${prefix}/var'
mandir='${datarootdir}/man'
mkdir_p='$(MKDIR_P)'
oldincludedir='/usr/include'
pdfdir='${docdir}'
prefix='/home/neoangel/work'
program_transform_name='s,x,x,'
psdir='${docdir}'
requires_CFLAGS='-I/home/neoangel/openrobots/include'
requires_LIBS=''
runstatedir='${localstatedir}/run'
sbindir='${exec_prefix}/sbin'
sharedstatedir='${prefix}/com'
sysconfdir='${prefix}/etc'
target_alias=''

## ----------- ##
## confdefs.h. ##
## ----------- ##

/* confdefs.h */
#define PACKAGE_NAME "loco-genom3"
#define PACKAGE_TARNAME "loco-genom3"
#define PACKAGE_VERSION "1.0"
#define PACKAGE_STRING "loco-genom3 1.0"
#define PACKAGE_BUGREPORT "felix@laas.fr"
#define PACKAGE_URL ""
#define STDC_HEADERS 1
#define HAVE_SYS_TYPES_H 1
#define HAVE_SYS_STAT_H 1
#define HAVE_STDLIB_H 1
#define HAVE_STRING_H 1
#define HAVE_MEMORY_H 1
#define HAVE_STRINGS_H 1
#define HAVE_INTTYPES_H 1
#define HAVE_STDINT_H 1
#define HAVE_UNISTD_H 1
#define HAVE_DLFCN_H 1
#define LT_OBJDIR ".libs/"

configure: exit 0
